Determining if the pthread_create exist failed with the following output:
Change Dir: /home/astreinw/ROS/ros_common/catkin_ws/build/CMakeFiles/CMakeTmp

Run Build Command:/usr/bin/make "cmTryCompileExec1504849038/fast"
/usr/bin/make -f CMakeFiles/cmTryCompileExec1504849038.dir/build.make CMakeFiles/cmTryCompileExec1504849038.dir/build
make[1]: Entering directory `/home/astreinw/ROS/ros_common/catkin_ws/build/CMakeFiles/CMakeTmp'
/usr/bin/cmake -E cmake_progress_report /home/astreinw/ROS/ros_common/catkin_ws/build/CMakeFiles/CMakeTmp/CMakeFiles 1
Building C object CMakeFiles/cmTryCompileExec1504849038.dir/CheckSymbolExists.c.o
/usr/bin/cc    -o CMakeFiles/cmTryCompileExec1504849038.dir/CheckSymbolExists.c.o   -c /home/astreinw/ROS/ros_common/catkin_ws/build/CMakeFiles/CMakeTmp/CheckSymbolExists.c
Linking C executable cmTryCompileExec1504849038
/usr/bin/cmake -E cmake_link_script CMakeFiles/cmTryCompileExec1504849038.dir/link.txt --verbose=1
/usr/bin/cc       CMakeFiles/cmTryCompileExec1504849038.dir/CheckSymbolExists.c.o  -o cmTryCompileExec1504849038 -rdynamic 
CMakeFiles/cmTryCompileExec1504849038.dir/CheckSymbolExists.c.o: In function `main':
CheckSymbolExists.c:(.text+0x16): undefined reference to `pthread_create'
collect2: error: ld returned 1 exit status
make[1]: Leaving directory `/home/astreinw/ROS/ros_common/catkin_ws/build/CMakeFiles/CMakeTmp'
make[1]: *** [cmTryCompileExec1504849038] Error 1
make: *** [cmTryCompileExec1504849038/fast] Error 2

File /home/astreinw/ROS/ros_common/catkin_ws/build/CMakeFiles/CMakeTmp/CheckSymbolExists.c:
/* */
#include <pthread.h>

int main(int argc, char** argv)
{
  (void)argv;
#ifndef pthread_create
  return ((int*)(&pthread_create))[argc];
#else
  (void)argc;
  return 0;
#endif
}

Determining if the function pthread_create exists in the pthreads failed with the following output:
Change Dir: /home/astreinw/ROS/ros_common/catkin_ws/build/CMakeFiles/CMakeTmp

Run Build Command:/usr/bin/make "cmTryCompileExec1453137238/fast"
/usr/bin/make -f CMakeFiles/cmTryCompileExec1453137238.dir/build.make CMakeFiles/cmTryCompileExec1453137238.dir/build
make[1]: Entering directory `/home/astreinw/ROS/ros_common/catkin_ws/build/CMakeFiles/CMakeTmp'
/usr/bin/cmake -E cmake_progress_report /home/astreinw/ROS/ros_common/catkin_ws/build/CMakeFiles/CMakeTmp/CMakeFiles 1
Building C object CMakeFiles/cmTryCompileExec1453137238.dir/CheckFunctionExists.c.o
/usr/bin/cc   -DCHECK_FUNCTION_EXISTS=pthread_create   -o CMakeFiles/cmTryCompileExec1453137238.dir/CheckFunctionExists.c.o   -c /usr/share/cmake-2.8/Modules/CheckFunctionExists.c
Linking C executable cmTryCompileExec1453137238
/usr/bin/cmake -E cmake_link_script CMakeFiles/cmTryCompileExec1453137238.dir/link.txt --verbose=1
/usr/bin/cc   -DCHECK_FUNCTION_EXISTS=pthread_create    CMakeFiles/cmTryCompileExec1453137238.dir/CheckFunctionExists.c.o  -o cmTryCompileExec1453137238 -rdynamic -lpthreads 
/usr/bin/ld: cannot find -lpthreads
collect2: error: ld returned 1 exit status
make[1]: Leaving directory `/home/astreinw/ROS/ros_common/catkin_ws/build/CMakeFiles/CMakeTmp'
make[1]: *** [cmTryCompileExec1453137238] Error 1
make: *** [cmTryCompileExec1453137238/fast] Error 2


